# JRE version: Java(TM) SE Runtime Environment (8.0_45-b14) (build 1.8.0_45-b14)
# Java VM: Java HotSpot(TM) 64-Bit Server VM (25.45-b02 mixed mode windows-amd64 compressed oops)
Heap:
 PSYoungGen      total 208896K, used 2676K [0x00000000d5700000, 0x00000000e6b80000, 0x0000000100000000)
  eden space 205824K, 0% used [0x00000000d5700000,0x00000000d5700000,0x00000000e2000000)
  from space 3072K, 87% used [0x00000000e6880000,0x00000000e6b1d2a0,0x00000000e6b80000)
  to   space 14336K, 0% used [0x00000000e4f80000,0x00000000e4f80000,0x00000000e5d80000)
 ParOldGen       total 73216K, used 15732K [0x0000000080400000, 0x0000000084b80000, 0x00000000d5700000)
  object space 73216K, 21% used [0x0000000080400000,0x000000008135d170,0x0000000084b80000)
 Metaspace       used 21477K, capacity 22086K, committed 22144K, reserved 1069056K
  class space    used 2512K, capacity 2668K, committed 2688K, reserved 1048576K
GC Heap History (10 events):
Event: 2.084 GC heap after
Heap after GC invocations=3 (full 0):
 PSYoungGen      total 71680K, used 5120K [0x00000000d5700000, 0x00000000de300000, 0x0000000100000000)
  eden space 66560K, 0% used [0x00000000d5700000,0x00000000d5700000,0x00000000d9800000)
  from space 5120K, 100% used [0x00000000d9800000,0x00000000d9d00000,0x00000000d9d00000)
  to   space 5120K, 0% used [0x00000000dde00000,0x00000000dde00000,0x00000000de300000)
 ParOldGen       total 87552K, used 4924K [0x0000000080400000, 0x0000000085980000, 0x00000000d5700000)
  object space 87552K, 5% used [0x0000000080400000,0x00000000808cf1b0,0x0000000085980000)
 Metaspace       used 13533K, capacity 13970K, committed 14080K, reserved 1060864K
  class space    used 1618K, capacity 1735K, committed 1792K, reserved 1048576K
}
Event: 3.484 GC heap before
{Heap before GC invocations=4 (full 0):
 PSYoungGen      total 71680K, used 71680K [0x00000000d5700000, 0x00000000de300000, 0x0000000100000000)
  eden space 66560K, 100% used [0x00000000d5700000,0x00000000d9800000,0x00000000d9800000)
  from space 5120K, 100% used [0x00000000d9800000,0x00000000d9d00000,0x00000000d9d00000)
  to   space 5120K, 0% used [0x00000000dde00000,0x00000000dde00000,0x00000000de300000)
 ParOldGen       total 87552K, used 4924K [0x0000000080400000, 0x0000000085980000, 0x00000000d5700000)
  object space 87552K, 5% used [0x0000000080400000,0x00000000808cf1b0,0x0000000085980000)
 Metaspace       used 19958K, capacity 20382K, committed 20480K, reserved 1067008K
  class space    used 2374K, capacity 2482K, committed 2560K, reserved 1048576K
Event: 3.505 GC heap after
Heap after GC invocations=4 (full 0):
 PSYoungGen      total 138240K, used 5104K [0x00000000d5700000, 0x00000000de300000, 0x0000000100000000)
  eden space 133120K, 0% used [0x00000000d5700000,0x00000000d5700000,0x00000000dd900000)
  from space 5120K, 99% used [0x00000000dde00000,0x00000000de2fc020,0x00000000de300000)
  to   space 5120K, 0% used [0x00000000dd900000,0x00000000dd900000,0x00000000dde00000)
 ParOldGen       total 87552K, used 13570K [0x0000000080400000, 0x0000000085980000, 0x00000000d5700000)
  object space 87552K, 15% used [0x0000000080400000,0x0000000081140880,0x0000000085980000)
 Metaspace       used 19958K, capacity 20382K, committed 20480K, reserved 1067008K
  class space    used 2374K, capacity 2482K, committed 2560K, reserved 1048576K
}
Event: 3.817 GC heap before
{Heap before GC invocations=5 (full 0):
 PSYoungGen      total 138240K, used 33124K [0x00000000d5700000, 0x00000000de300000, 0x0000000100000000)
  eden space 133120K, 21% used [0x00000000d5700000,0x00000000d725d3b0,0x00000000dd900000)
  from space 5120K, 99% used [0x00000000dde00000,0x00000000de2fc020,0x00000000de300000)
  to   space 5120K, 0% used [0x00000000dd900000,0x00000000dd900000,0x00000000dde00000)
 ParOldGen       total 87552K, used 13570K [0x0000000080400000, 0x0000000085980000, 0x00000000d5700000)
  object space 87552K, 15% used [0x0000000080400000,0x0000000081140880,0x0000000085980000)
 Metaspace       used 20675K, capacity 21180K, committed 21248K, reserved 1069056K
  class space    used 2434K, capacity 2555K, committed 2560K, reserved 1048576K
Event: 3.833 GC heap after
Heap after GC invocations=5 (full 0):
 PSYoungGen      total 138240K, used 5088K [0x00000000d5700000, 0x00000000e7600000, 0x0000000100000000)
  eden space 133120K, 0% used [0x00000000d5700000,0x00000000d5700000,0x00000000dd900000)
  from space 5120K, 99% used [0x00000000dd900000,0x00000000dddf8010,0x00000000dde00000)
  to   space 13824K, 0% used [0x00000000e6880000,0x00000000e6880000,0x00000000e7600000)
 ParOldGen       total 87552K, used 15218K [0x0000000080400000, 0x0000000085980000, 0x00000000d5700000)
  object space 87552K, 17% used [0x0000000080400000,0x00000000812dcac8,0x0000000085980000)
 Metaspace       used 20675K, capacity 21180K, committed 21248K, reserved 1069056K
  class space    used 2434K, capacity 2555K, committed 2560K, reserved 1048576K
}
Event: 3.833 GC heap before
{Heap before GC invocations=6 (full 1):
 PSYoungGen      total 138240K, used 5088K [0x00000000d5700000, 0x00000000e7600000, 0x0000000100000000)
  eden space 133120K, 0% used [0x00000000d5700000,0x00000000d5700000,0x00000000dd900000)
  from space 5120K, 99% used [0x00000000dd900000,0x00000000dddf8010,0x00000000dde00000)
  to   space 13824K, 0% used [0x00000000e6880000,0x00000000e6880000,0x00000000e7600000)
 ParOldGen       total 87552K, used 15218K [0x0000000080400000, 0x0000000085980000, 0x00000000d5700000)
  object space 87552K, 17% used [0x0000000080400000,0x00000000812dcac8,0x0000000085980000)
 Metaspace       used 20675K, capacity 21180K, committed 21248K, reserved 1069056K
  class space    used 2434K, capacity 2555K, committed 2560K, reserved 1048576K
Event: 3.907 GC heap after
Heap after GC invocations=6 (full 1):
 PSYoungGen      total 138240K, used 0K [0x00000000d5700000, 0x00000000e7600000, 0x0000000100000000)
  eden space 133120K, 0% used [0x00000000d5700000,0x00000000d5700000,0x00000000dd900000)
  from space 5120K, 0% used [0x00000000dd900000,0x00000000dd900000,0x00000000dde00000)
  to   space 13824K, 0% used [0x00000000e6880000,0x00000000e6880000,0x00000000e7600000)
 ParOldGen       total 73216K, used 15724K [0x0000000080400000, 0x0000000084b80000, 0x00000000d5700000)
  object space 73216K, 21% used [0x0000000080400000,0x000000008135b170,0x0000000084b80000)
 Metaspace       used 20675K, capacity 21180K, committed 21248K, reserved 1069056K
  class space    used 2434K, capacity 2555K, committed 2560K, reserved 1048576K
}
Event: 16.724 GC heap before
{Heap before GC invocations=7 (full 1):
 PSYoungGen      total 138240K, used 44299K [0x00000000d5700000, 0x00000000e7600000, 0x0000000100000000)
  eden space 133120K, 33% used [0x00000000d5700000,0x00000000d8242e28,0x00000000dd900000)
  from space 5120K, 0% used [0x00000000dd900000,0x00000000dd900000,0x00000000dde00000)
  to   space 13824K, 0% used [0x00000000e6880000,0x00000000e6880000,0x00000000e7600000)
 ParOldGen       total 73216K, used 15724K [0x0000000080400000, 0x0000000084b80000, 0x00000000d5700000)
  object space 73216K, 21% used [0x0000000080400000,0x000000008135b170,0x0000000084b80000)
 Metaspace       used 21477K, capacity 22086K, committed 22144K, reserved 1069056K
  class space    used 2512K, capacity 2668K, committed 2688K, reserved 1048576K
Event: 16.732 GC heap after
Heap after GC invocations=7 (full 1):
 PSYoungGen      total 208896K, used 2676K [0x00000000d5700000, 0x00000000e6b80000, 0x0000000100000000)
  eden space 205824K, 0% used [0x00000000d5700000,0x00000000d5700000,0x00000000e2000000)
  from space 3072K, 87% used [0x00000000e6880000,0x00000000e6b1d2a0,0x00000000e6b80000)
  to   space 14336K, 0% used [0x00000000e4f80000,0x00000000e4f80000,0x00000000e5d80000)
 ParOldGen       total 73216K, used 15732K [0x0000000080400000, 0x0000000084b80000, 0x00000000d5700000)
  object space 73216K, 21% used [0x0000000080400000,0x000000008135d170,0x0000000084b80000)
 Metaspace       used 21477K, capacity 22086K, committed 22144K, reserved 1069056K
  class space    used 2512K, capacity 2668K, committed 2688K, reserved 1048576K
}
Event: 16.732 GC heap before
{Heap before GC invocations=8 (full 2):
 PSYoungGen      total 208896K, used 2676K [0x00000000d5700000, 0x00000000e6b80000, 0x0000000100000000)
  eden space 205824K, 0% used [0x00000000d5700000,0x00000000d5700000,0x00000000e2000000)
  from space 3072K, 87% used [0x00000000e6880000,0x00000000e6b1d2a0,0x00000000e6b80000)
  to   space 14336K, 0% used [0x00000000e4f80000,0x00000000e4f80000,0x00000000e5d80000)
 ParOldGen       total 73216K, used 15732K [0x0000000080400000, 0x0000000084b80000, 0x00000000d5700000)
  object space 73216K, 21% used [0x0000000080400000,0x000000008135d170,0x0000000084b80000)
 Metaspace       used 21477K, capacity 22086K, committed 22144K, reserved 1069056K
  class space    used 2512K, capacity 2668K, committed 2688K, reserved 1048576K

